<?xml version="1.0" encoding="UTF-8"?>
<!-- Generated by org.testng.reporters.JUnitReportReporter -->
<testsuite hostname="LAPTOP-T0MGIVOH" failures="0" tests="9" name="Runners.TestNG_Runner" time="0.165" errors="0" timestamp="2023-01-17T18:55:31 EST" skipped="0">
  <testcase classname="Runners.TestNG_Runner" name="runScenario" time="0.101"/>
  <system-out/>
  <testcase classname="Runners.TestNG_Runner" name="runScenario" time="0.006"/>
  <system-out/>
  <testcase classname="Runners.TestNG_Runner" name="runScenario" time="0.007"/>
  <system-out/>
  <testcase classname="Runners.TestNG_Runner" name="runScenario" time="0.011"/>
  <system-out/>
  <testcase classname="Runners.TestNG_Runner" name="runScenario" time="0.005"/>
  <system-out/>
  <testcase classname="Runners.TestNG_Runner" name="runScenario" time="0.008"/>
  <system-out/>
  <testcase classname="Runners.TestNG_Runner" name="runScenario" time="0.016"/>
  <system-out/>
  <testcase classname="Runners.TestNG_Runner" name="runScenario" time="0.006"/>
  <system-out/>
  <testcase classname="Runners.TestNG_Runner" name="runScenario" time="0.005"/>
  <system-out/>
</testsuite> <!-- Runners.TestNG_Runner -->
